^CStarting....

  .   ____          _            __ _ _
 /\\ / ___'_ __ _ _(_)_ __  __ _ \ \ \ \
( ( )\___ | '_ | '_| | '_ \/ _` | \ \ \ \
 \\/  ___)| |_)| | | | | || (_| |  ) ) ) )
  '  |____| .__|_| |_|_| |_\__, | / / / /
 =========|_|==============|___/=/_/_/_/

 :: Spring Boot ::                (v3.4.5)

2025-05-21T21:03:03.130+05:30  INFO 14124 --- [Jenkins-Demo] [           main] c.jenkins_demo.JenkinsDemoApplication    : Starting JenkinsDemoApplication v0.0.1-SNAPSHOT using Java 17.0.12 with PID 14124 (D:\Jenkins-Demo\target\Jenkins-Demo-0.0.1-SNAPSHOT.jar started by RAF in D:\Jenkins-Demo)
2025-05-21T21:03:03.140+05:30  INFO 14124 --- [Jenkins-Demo] [           main] c.jenkins_demo.JenkinsDemoApplication    : No active profile set, falling back to 1 default profile: "default"
2025-05-21T21:03:25.815+05:30  INFO 14124 --- [Jenkins-Demo] [           main] .s.d.r.c.RepositoryConfigurationDelegate : Bootstrapping Spring Data JPA repositories in DEFAULT mode.
2025-05-21T21:03:28.381+05:30  INFO 14124 --- [Jenkins-Demo] [           main] .s.d.r.c.RepositoryConfigurationDelegate : Finished Spring Data repository scanning in 1451 ms. Found 0 JPA repository interfaces.
2025-05-21T21:03:54.231+05:30  INFO 14124 --- [Jenkins-Demo] [           main] o.s.b.w.embedded.tomcat.TomcatWebServer  : Tomcat initialized with port 8081 (http)
2025-05-21T21:03:56.131+05:30  INFO 14124 --- [Jenkins-Demo] [           main] o.apache.catalina.core.StandardService   : Starting service [Tomcat]
2025-05-21T21:03:56.133+05:30  INFO 14124 --- [Jenkins-Demo] [           main] o.apache.catalina.core.StandardEngine    : Starting Servlet engine: [Apache Tomcat/10.1.40]
2025-05-21T21:03:58.367+05:30  INFO 14124 --- [Jenkins-Demo] [           main] o.a.c.c.C.[Tomcat].[localhost].[/]       : Initializing Spring embedded WebApplicationContext
2025-05-21T21:03:58.371+05:30  INFO 14124 --- [Jenkins-Demo] [           main] w.s.c.ServletWebServerApplicationContext : Root WebApplicationContext: initialization completed in 54967 ms
2025-05-21T21:04:05.404+05:30  INFO 14124 --- [Jenkins-Demo] [           main] o.hibernate.jpa.internal.util.LogHelper  : HHH000204: Processing PersistenceUnitInfo [name: default]
2025-05-21T21:04:07.642+05:30  INFO 14124 --- [Jenkins-Demo] [           main] org.hibernate.Version                    : HHH000412: Hibernate ORM core version 6.6.13.Final
2025-05-21T21:04:08.196+05:30  INFO 14124 --- [Jenkins-Demo] [           main] o.h.c.internal.RegionFactoryInitiator    : HHH000026: Second-level cache disabled
2025-05-21T21:04:09.621+05:30  INFO 14124 --- [Jenkins-Demo] [           main] o.s.o.j.p.SpringPersistenceUnitInfo      : No LoadTimeWeaver setup: ignoring JPA class transformer
2025-05-21T21:04:09.778+05:30  INFO 14124 --- [Jenkins-Demo] [           main] com.zaxxer.hikari.HikariDataSource       : HikariPool-1 - Starting...
2025-05-21T21:04:10.839+05:30  INFO 14124 --- [Jenkins-Demo] [           main] com.zaxxer.hikari.pool.HikariPool        : HikariPool-1 - Added connection com.mysql.cj.jdbc.ConnectionImpl@beabd6b
2025-05-21T21:04:10.883+05:30  INFO 14124 --- [Jenkins-Demo] [           main] com.zaxxer.hikari.HikariDataSource       : HikariPool-1 - Start completed.
2025-05-21T21:04:11.869+05:30  WARN 14124 --- [Jenkins-Demo] [           main] org.hibernate.orm.deprecation            : HHH90000025: MySQL8Dialect does not need to be specified explicitly using 'hibernate.dialect' (remove the property setting and it will be selected by default)
2025-05-21T21:04:11.884+05:30  WARN 14124 --- [Jenkins-Demo] [           main] org.hibernate.orm.deprecation            : HHH90000026: MySQL8Dialect has been deprecated; use org.hibernate.dialect.MySQLDialect instead
2025-05-21T21:04:12.442+05:30  INFO 14124 --- [Jenkins-Demo] [           main] org.hibernate.orm.connections.pooling    : HHH10001005: Database info:
	Database JDBC URL [Connecting through datasource 'HikariDataSource (HikariPool-1)']
	Database driver: undefined/unknown
	Database version: 8.0
	Autocommit mode: undefined/unknown
	Isolation level: undefined/unknown
	Minimum pool size: undefined/unknown
	Maximum pool size: undefined/unknown
2025-05-21T21:04:15.457+05:30  INFO 14124 --- [Jenkins-Demo] [           main] o.h.e.t.j.p.i.JtaPlatformInitiator       : HHH000489: No JTA platform available (set 'hibernate.transaction.jta.platform' to enable JTA platform integration)
2025-05-21T21:04:15.473+05:30  INFO 14124 --- [Jenkins-Demo] [           main] j.LocalContainerEntityManagerFactoryBean : Initialized JPA EntityManagerFactory for persistence unit 'default'
2025-05-21T21:04:15.606+05:30  WARN 14124 --- [Jenkins-Demo] [           main] JpaBaseConfiguration$JpaWebConfiguration : spring.jpa.open-in-view is enabled by default. Therefore, database queries may be performed during view rendering. Explicitly configure spring.jpa.open-in-view to disable this warning
2025-05-21T21:04:17.756+05:30  INFO 14124 --- [Jenkins-Demo] [           main] o.s.b.w.embedded.tomcat.TomcatWebServer  : Tomcat started on port 8081 (http) with context path '/'
2025-05-21T21:04:17.845+05:30  INFO 14124 --- [Jenkins-Demo] [           main] c.jenkins_demo.JenkinsDemoApplication    : Started JenkinsDemoApplication in 78.929 seconds (process running for 83.059)
Started....
